\BOOKMARK [1][-]{section.1}{\376\377\000I\000n\000t\000r\000o\000d\000u\000\347\000\343\000o}{}% 1
\BOOKMARK [1][-]{section.2}{\376\377\000P\000r\000o\000b\000l\000e\000m\000a\000\040\000d\000e\000\040\000p\000e\000s\000q\000u\000i\000s\000a}{}% 2
\BOOKMARK [1][-]{section.3}{\376\377\000O\000b\000j\000e\000t\000i\000v\000o\000s}{}% 3
\BOOKMARK [2][-]{subsection.3.1}{\376\377\000O\000b\000j\000e\000t\000i\000v\000o\000\040\000g\000e\000r\000a\000l}{section.3}% 4
\BOOKMARK [2][-]{subsection.3.2}{\376\377\000O\000b\000j\000e\000t\000i\000v\000o\000s\000\040\000e\000s\000p\000e\000c\000\355\000f\000i\000c\000o\000s}{section.3}% 5
\BOOKMARK [1][-]{section.4}{\376\377\000D\000a\000d\000o\000s\000\040\000e\000\040\000r\000e\000c\000o\000r\000t\000e\000\040\000e\000m\000p\000\355\000r\000i\000c\000o}{}% 6
\BOOKMARK [2][-]{subsection.4.1}{\376\377\000O\000r\000i\000g\000e\000m\000\040\000e\000\040\000n\000a\000t\000u\000r\000e\000z\000a\000\040\000d\000a\000\040\000b\000a\000s\000e}{section.4}% 7
\BOOKMARK [2][-]{subsection.4.2}{\376\377\000F\000i\000l\000t\000r\000o\000\040\000d\000e\000\040\000p\000e\000r\000t\000i\000n\000\352\000n\000c\000i\000a\000\040\000t\000e\000m\000\341\000t\000i\000c\000a}{section.4}% 8
\BOOKMARK [2][-]{subsection.4.3}{\376\377\000T\000a\000m\000a\000n\000h\000o\000\040\000d\000a\000\040\000b\000a\000s\000e}{section.4}% 9
\BOOKMARK [2][-]{subsection.4.4}{\376\377\000C\000o\000b\000e\000r\000t\000u\000r\000a\000\040\000t\000e\000m\000p\000o\000r\000a\000l}{section.4}% 10
\BOOKMARK [1][-]{section.5}{\376\377\000D\000e\000s\000e\000n\000h\000o\000\040\000m\000e\000t\000o\000d\000o\000l\000\363\000g\000i\000c\000o}{}% 11
\BOOKMARK [2][-]{subsection.5.1}{\376\377\000P\000a\000d\000r\000o\000n\000i\000z\000a\000\347\000\343\000o\000\040\000d\000o\000s\000\040\000r\000e\000g\000i\000s\000t\000r\000o\000s}{section.5}% 12
\BOOKMARK [1][-]{section.6}{\376\377\000C\000l\000a\000s\000s\000i\000f\000i\000c\000a\000\347\000\343\000o\000\040\000a\000u\000t\000o\000m\000a\000t\000i\000z\000a\000d\000a}{}% 13
\BOOKMARK [2][-]{subsection.6.1}{\376\377\000M\000o\000d\000e\000l\000o\000\040\000e\000\040\000p\000a\000r\000\342\000m\000e\000t\000r\000o\000s}{section.6}% 14
\BOOKMARK [2][-]{subsection.6.2}{\376\377\000P\000r\000o\000m\000p\000t\000\040\000a\000n\000a\000l\000\355\000t\000i\000c\000o}{section.6}% 15
\BOOKMARK [2][-]{subsection.6.3}{\376\377\000V\000a\000r\000i\000\341\000v\000e\000i\000s\000\040\000e\000x\000t\000r\000a\000\355\000d\000a\000s}{section.6}% 16
\BOOKMARK [1][-]{section.7}{\376\377\000E\000s\000c\000a\000l\000a\000\040\000d\000e\000\040\000s\000e\000n\000t\000i\000m\000e\000n\000t\000o}{}% 17
\BOOKMARK [1][-]{section.8}{\376\377\000A\000g\000r\000e\000g\000a\000\347\000\343\000o\000\040\000e\000\040\000p\000r\000o\000d\000u\000t\000o\000s\000\040\000a\000n\000a\000l\000\355\000t\000i\000c\000o\000s}{}% 18
\BOOKMARK [1][-]{section.9}{\376\377\000R\000e\000s\000u\000l\000t\000a\000d\000o\000s\000\040\000d\000e\000s\000c\000r\000i\000t\000i\000v\000o\000s}{}% 19
\BOOKMARK [2][-]{subsection.9.1}{\376\377\000D\000i\000s\000t\000r\000i\000b\000u\000i\000\347\000\343\000o\000\040\000g\000e\000r\000a\000l\000\040\000d\000o\000s\000\040\000s\000e\000n\000t\000i\000m\000e\000n\000t\000o\000s}{section.9}% 20
\BOOKMARK [2][-]{subsection.9.2}{\376\377\000F\000o\000n\000t\000e\000s\000\040\000d\000e\000\040\000p\000u\000b\000l\000i\000c\000a\000\347\000\343\000o}{section.9}% 21
\BOOKMARK [1][-]{section.10}{\376\377\000R\000a\000n\000k\000i\000n\000g\000\040\000d\000e\000\040\000e\000v\000e\000n\000t\000o\000s}{}% 22
\BOOKMARK [2][-]{subsection.10.1}{\376\377\000C\000r\000i\000t\000\351\000r\000i\000o\000\040\000d\000e\000\040\000c\000o\000n\000s\000t\000r\000u\000\347\000\343\000o}{section.10}% 23
\BOOKMARK [2][-]{subsection.10.2}{\376\377\000E\000v\000e\000n\000t\000o\000s\000\040\000m\000a\000i\000s\000\040\000p\000o\000s\000i\000t\000i\000v\000a\000m\000e\000n\000t\000e\000\040\000r\000e\000t\000r\000a\000t\000a\000d\000o\000s}{section.10}% 24
\BOOKMARK [2][-]{subsection.10.3}{\376\377\000E\000v\000e\000n\000t\000o\000s\000\040\000m\000a\000i\000s\000\040\000n\000e\000g\000a\000t\000i\000v\000a\000m\000e\000n\000t\000e\000\040\000r\000e\000t\000r\000a\000t\000a\000d\000o\000s}{section.10}% 25
\BOOKMARK [1][-]{section.11}{\376\377\000V\000i\000s\000u\000a\000l\000i\000z\000a\000\347\000\365\000e\000s\000\040\000p\000r\000o\000d\000u\000z\000i\000d\000a\000s}{}% 26
\BOOKMARK [2][-]{subsection.11.1}{\376\377\000D\000i\000s\000t\000r\000i\000b\000u\000i\000\347\000\343\000o\000\040\000g\000e\000r\000a\000l}{section.11}% 27
\BOOKMARK [2][-]{subsection.11.2}{\376\377\000E\000v\000o\000l\000u\000\347\000\343\000o\000\040\000t\000e\000m\000p\000o\000r\000a\000l}{section.11}% 28
\BOOKMARK [2][-]{subsection.11.3}{\376\377\000F\000o\000n\000t\000e\000s}{section.11}% 29
\BOOKMARK [1][-]{section.12}{\376\377\000D\000i\000s\000c\000u\000s\000s\000\343\000o}{}% 30
\BOOKMARK [1][-]{section.13}{\376\377\000C\000o\000n\000c\000l\000u\000s\000\343\000o}{}% 31
